# JRE version: OpenJDK Runtime Environment (17.0.9) (build 17.0.9+0--11185874)
# Java VM: OpenJDK 64-Bit Server VM (17.0.9+0--11185874, mixed mode, tiered, compressed oops, compressed class ptrs, g1 gc, windows-amd64)
GC Precious Log:
 CPUs: 16 total, 16 available
 Memory: 16010M
 Large Page Support: Disabled
 NUMA Support: Disabled
 Compressed Oops: Enabled (32-bit)
 Heap Region Size: 1M
 Heap Min Capacity: 8M
 Heap Initial Capacity: 252M
 Heap Max Capacity: 2G
 Pre-touch: Disabled
 Parallel Workers: 13
 Concurrent Workers: 3
 Concurrent Refinement Workers: 13
 Periodic GC: Disabled
Heap:
 garbage-first heap   total 209920K, used 121524K [0x0000000080000000, 0x0000000100000000)
  region size 1024K, 4 young (4096K), 4 survivors (4096K)
 Metaspace       used 104280K, committed 105088K, reserved 1179648K
  class space    used 14457K, committed 14848K, reserved 1048576K
GC Heap History (20 events):
Event: 9.251 GC heap after
{Heap after GC invocations=45 (full 0):
 garbage-first heap   total 184320K, used 90347K [0x0000000080000000, 0x0000000100000000)
  region size 1024K, 6 young (6144K), 6 survivors (6144K)
 Metaspace       used 93106K, committed 93824K, reserved 1179648K
  class space    used 12907K, committed 13248K, reserved 1048576K
}
Event: 9.271 GC heap before
{Heap before GC invocations=45 (full 0):
 garbage-first heap   total 184320K, used 93419K [0x0000000080000000, 0x0000000100000000)
  region size 1024K, 9 young (9216K), 6 survivors (6144K)
 Metaspace       used 93377K, committed 94080K, reserved 1179648K
  class space    used 12950K, committed 13312K, reserved 1048576K
}
Event: 9.275 GC heap after
{Heap after GC invocations=46 (full 0):
 garbage-first heap   total 184320K, used 90072K [0x0000000080000000, 0x0000000100000000)
  region size 1024K, 1 young (1024K), 1 survivors (1024K)
 Metaspace       used 93377K, committed 94080K, reserved 1179648K
  class space    used 12950K, committed 13312K, reserved 1048576K
}
Event: 9.828 GC heap before
{Heap before GC invocations=46 (full 0):
 garbage-first heap   total 184320K, used 151512K [0x0000000080000000, 0x0000000100000000)
  region size 1024K, 61 young (62464K), 1 survivors (1024K)
 Metaspace       used 98298K, committed 99008K, reserved 1179648K
  class space    used 13635K, committed 13952K, reserved 1048576K
}
Event: 9.831 GC heap after
{Heap after GC invocations=47 (full 0):
 garbage-first heap   total 184320K, used 93565K [0x0000000080000000, 0x0000000100000000)
  region size 1024K, 4 young (4096K), 4 survivors (4096K)
 Metaspace       used 98298K, committed 99008K, reserved 1179648K
  class space    used 13635K, committed 13952K, reserved 1048576K
}
Event: 10.283 GC heap before
{Heap before GC invocations=47 (full 0):
 garbage-first heap   total 184320K, used 151933K [0x0000000080000000, 0x0000000100000000)
  region size 1024K, 62 young (63488K), 4 survivors (4096K)
 Metaspace       used 101043K, committed 101824K, reserved 1179648K
  class space    used 14171K, committed 14528K, reserved 1048576K
}
Event: 10.287 GC heap after
{Heap after GC invocations=48 (full 0):
 garbage-first heap   total 184320K, used 101076K [0x0000000080000000, 0x0000000100000000)
  region size 1024K, 8 young (8192K), 8 survivors (8192K)
 Metaspace       used 101043K, committed 101824K, reserved 1179648K
  class space    used 14171K, committed 14528K, reserved 1048576K
}
Event: 10.515 GC heap before
{Heap before GC invocations=48 (full 0):
 garbage-first heap   total 184320K, used 150228K [0x0000000080000000, 0x0000000100000000)
  region size 1024K, 57 young (58368K), 8 survivors (8192K)
 Metaspace       used 101245K, committed 102016K, reserved 1179648K
  class space    used 14172K, committed 14528K, reserved 1048576K
}
Event: 10.518 GC heap after
{Heap after GC invocations=49 (full 0):
 garbage-first heap   total 184320K, used 104145K [0x0000000080000000, 0x0000000100000000)
  region size 1024K, 5 young (5120K), 5 survivors (5120K)
 Metaspace       used 101245K, committed 102016K, reserved 1179648K
  class space    used 14172K, committed 14528K, reserved 1048576K
}
Event: 10.796 GC heap before
{Heap before GC invocations=49 (full 0):
 garbage-first heap   total 184320K, used 151249K [0x0000000080000000, 0x0000000100000000)
  region size 1024K, 52 young (53248K), 5 survivors (5120K)
 Metaspace       used 101767K, committed 102528K, reserved 1179648K
  class space    used 14213K, committed 14592K, reserved 1048576K
}
Event: 10.799 GC heap after
{Heap after GC invocations=50 (full 0):
 garbage-first heap   total 184320K, used 107979K [0x0000000080000000, 0x0000000100000000)
  region size 1024K, 6 young (6144K), 6 survivors (6144K)
 Metaspace       used 101767K, committed 102528K, reserved 1179648K
  class space    used 14213K, committed 14592K, reserved 1048576K
}
Event: 10.957 GC heap before
{Heap before GC invocations=50 (full 0):
 garbage-first heap   total 184320K, used 150987K [0x0000000080000000, 0x0000000100000000)
  region size 1024K, 49 young (50176K), 6 survivors (6144K)
 Metaspace       used 101862K, committed 102656K, reserved 1179648K
  class space    used 14216K, committed 14592K, reserved 1048576K
}
Event: 10.960 GC heap after
{Heap after GC invocations=51 (full 0):
 garbage-first heap   total 184320K, used 110903K [0x0000000080000000, 0x0000000100000000)
  region size 1024K, 5 young (5120K), 5 survivors (5120K)
 Metaspace       used 101862K, committed 102656K, reserved 1179648K
  class space    used 14216K, committed 14592K, reserved 1048576K
}
Event: 11.114 GC heap before
{Heap before GC invocations=51 (full 0):
 garbage-first heap   total 184320K, used 150839K [0x0000000080000000, 0x0000000100000000)
  region size 1024K, 45 young (46080K), 5 survivors (5120K)
 Metaspace       used 101957K, committed 102720K, reserved 1179648K
  class space    used 14229K, committed 14592K, reserved 1048576K
}
Event: 11.117 GC heap after
{Heap after GC invocations=52 (full 0):
 garbage-first heap   total 184320K, used 113828K [0x0000000080000000, 0x0000000100000000)
  region size 1024K, 5 young (5120K), 5 survivors (5120K)
 Metaspace       used 101957K, committed 102720K, reserved 1179648K
  class space    used 14229K, committed 14592K, reserved 1048576K
}
Event: 11.409 GC heap before
{Heap before GC invocations=52 (full 0):
 garbage-first heap   total 184320K, used 156836K [0x0000000080000000, 0x0000000100000000)
  region size 1024K, 43 young (44032K), 5 survivors (5120K)
 Metaspace       used 103692K, committed 104512K, reserved 1179648K
  class space    used 14398K, committed 14784K, reserved 1048576K
}
Event: 11.412 GC heap after
{Heap after GC invocations=53 (full 0):
 garbage-first heap   total 184320K, used 117082K [0x0000000080000000, 0x0000000100000000)
  region size 1024K, 5 young (5120K), 5 survivors (5120K)
 Metaspace       used 103692K, committed 104512K, reserved 1179648K
  class space    used 14398K, committed 14784K, reserved 1048576K
}
Event: 11.491 GC heap before
{Heap before GC invocations=53 (full 0):
 garbage-first heap   total 184320K, used 151898K [0x0000000080000000, 0x0000000100000000)
  region size 1024K, 40 young (40960K), 5 survivors (5120K)
 Metaspace       used 103907K, committed 104704K, reserved 1179648K
  class space    used 14412K, committed 14784K, reserved 1048576K
}
Event: 11.493 GC heap after
{Heap after GC invocations=54 (full 0):
 garbage-first heap   total 184320K, used 119815K [0x0000000080000000, 0x0000000100000000)
  region size 1024K, 5 young (5120K), 5 survivors (5120K)
 Metaspace       used 103907K, committed 104704K, reserved 1179648K
  class space    used 14412K, committed 14784K, reserved 1048576K
}
Event: 11.584 GC heap before
{Heap before GC invocations=54 (full 0):
 garbage-first heap   total 184320K, used 152583K [0x0000000080000000, 0x0000000100000000)
  region size 1024K, 38 young (38912K), 5 survivors (5120K)
 Metaspace       used 104280K, committed 105088K, reserved 1179648K
  class space    used 14457K, committed 14848K, reserved 1048576K
}

