# JRE version: OpenJDK Runtime Environment (17.0.9) (build 17.0.9+0--11185874)
# Java VM: OpenJDK 64-Bit Server VM (17.0.9+0--11185874, mixed mode, tiered, compressed oops, compressed class ptrs, g1 gc, windows-amd64)
GC Precious Log:
 CPUs: 16 total, 16 available
 Memory: 16010M
 Large Page Support: Disabled
 NUMA Support: Disabled
 Compressed Oops: Enabled (32-bit)
 Heap Region Size: 1M
 Heap Min Capacity: 8M
 Heap Initial Capacity: 252M
 Heap Max Capacity: 2G
 Pre-touch: Disabled
 Parallel Workers: 13
 Concurrent Workers: 3
 Concurrent Refinement Workers: 13
 Periodic GC: Disabled
Heap:
 garbage-first heap   total 293888K, used 266717K [0x0000000080000000, 0x0000000100000000)
  region size 1024K, 2 young (2048K), 2 survivors (2048K)
 Metaspace       used 124880K, committed 125824K, reserved 1179648K
  class space    used 16765K, committed 17216K, reserved 1048576K
GC Heap History (20 events):
Event: 21.624 GC heap after
{Heap after GC invocations=53 (full 0):
 garbage-first heap   total 293888K, used 191443K [0x0000000080000000, 0x0000000100000000)
  region size 1024K, 6 young (6144K), 6 survivors (6144K)
 Metaspace       used 119763K, committed 120704K, reserved 1179648K
  class space    used 16048K, committed 16512K, reserved 1048576K
}
Event: 21.764 GC heap before
{Heap before GC invocations=53 (full 0):
 garbage-first heap   total 293888K, used 245715K [0x0000000080000000, 0x0000000100000000)
  region size 1024K, 60 young (61440K), 6 survivors (6144K)
 Metaspace       used 120006K, committed 120896K, reserved 1179648K
  class space    used 16080K, committed 16512K, reserved 1048576K
}
Event: 21.768 GC heap after
{Heap after GC invocations=54 (full 0):
 garbage-first heap   total 293888K, used 196150K [0x0000000080000000, 0x0000000100000000)
  region size 1024K, 6 young (6144K), 6 survivors (6144K)
 Metaspace       used 120006K, committed 120896K, reserved 1179648K
  class space    used 16080K, committed 16512K, reserved 1048576K
}
Event: 21.905 GC heap before
{Heap before GC invocations=54 (full 0):
 garbage-first heap   total 293888K, used 246326K [0x0000000080000000, 0x0000000100000000)
  region size 1024K, 56 young (57344K), 6 survivors (6144K)
 Metaspace       used 120409K, committed 121344K, reserved 1179648K
  class space    used 16134K, committed 16576K, reserved 1048576K
}
Event: 21.908 GC heap after
{Heap after GC invocations=55 (full 0):
 garbage-first heap   total 293888K, used 198501K [0x0000000080000000, 0x0000000100000000)
  region size 1024K, 5 young (5120K), 5 survivors (5120K)
 Metaspace       used 120409K, committed 121344K, reserved 1179648K
  class space    used 16134K, committed 16576K, reserved 1048576K
}
Event: 22.159 GC heap before
{Heap before GC invocations=55 (full 0):
 garbage-first heap   total 293888K, used 259941K [0x0000000080000000, 0x0000000100000000)
  region size 1024K, 54 young (55296K), 5 survivors (5120K)
 Metaspace       used 121118K, committed 122112K, reserved 1179648K
  class space    used 16229K, committed 16704K, reserved 1048576K
}
Event: 22.163 GC heap after
{Heap after GC invocations=56 (full 0):
 garbage-first heap   total 293888K, used 221319K [0x0000000080000000, 0x0000000100000000)
  region size 1024K, 7 young (7168K), 7 survivors (7168K)
 Metaspace       used 121118K, committed 122112K, reserved 1179648K
  class space    used 16229K, committed 16704K, reserved 1048576K
}
Event: 22.398 GC heap before
{Heap before GC invocations=56 (full 0):
 garbage-first heap   total 293888K, used 246919K [0x0000000080000000, 0x0000000100000000)
  region size 1024K, 33 young (33792K), 7 survivors (7168K)
 Metaspace       used 122618K, committed 123584K, reserved 1179648K
  class space    used 16437K, committed 16896K, reserved 1048576K
}
Event: 22.400 GC heap after
{Heap after GC invocations=57 (full 0):
 garbage-first heap   total 293888K, used 222855K [0x0000000080000000, 0x0000000100000000)
  region size 1024K, 2 young (2048K), 2 survivors (2048K)
 Metaspace       used 122618K, committed 123584K, reserved 1179648K
  class space    used 16437K, committed 16896K, reserved 1048576K
}
Event: 22.627 GC heap before
{Heap before GC invocations=57 (full 0):
 garbage-first heap   total 293888K, used 248455K [0x0000000080000000, 0x0000000100000000)
  region size 1024K, 28 young (28672K), 2 survivors (2048K)
 Metaspace       used 124033K, committed 124928K, reserved 1179648K
  class space    used 16642K, committed 17088K, reserved 1048576K
}
Event: 22.630 GC heap after
{Heap after GC invocations=58 (full 0):
 garbage-first heap   total 293888K, used 224579K [0x0000000080000000, 0x0000000100000000)
  region size 1024K, 4 young (4096K), 4 survivors (4096K)
 Metaspace       used 124033K, committed 124928K, reserved 1179648K
  class space    used 16642K, committed 17088K, reserved 1048576K
}
Event: 22.736 GC heap before
{Heap before GC invocations=58 (full 0):
 garbage-first heap   total 293888K, used 266563K [0x0000000080000000, 0x0000000100000000)
  region size 1024K, 30 young (30720K), 4 survivors (4096K)
 Metaspace       used 124544K, committed 125440K, reserved 1179648K
  class space    used 16720K, committed 17152K, reserved 1048576K
}
Event: 22.738 GC heap after
{Heap after GC invocations=59 (full 0):
 garbage-first heap   total 293888K, used 237568K [0x0000000080000000, 0x0000000100000000)
  region size 1024K, 4 young (4096K), 4 survivors (4096K)
 Metaspace       used 124544K, committed 125440K, reserved 1179648K
  class space    used 16720K, committed 17152K, reserved 1048576K
}
Event: 22.815 GC heap before
{Heap before GC invocations=59 (full 0):
 garbage-first heap   total 293888K, used 267264K [0x0000000080000000, 0x0000000100000000)
  region size 1024K, 19 young (19456K), 4 survivors (4096K)
 Metaspace       used 124824K, committed 125760K, reserved 1179648K
  class space    used 16764K, committed 17216K, reserved 1048576K
}
Event: 22.818 GC heap after
{Heap after GC invocations=60 (full 0):
 garbage-first heap   total 293888K, used 250062K [0x0000000080000000, 0x0000000100000000)
  region size 1024K, 3 young (3072K), 3 survivors (3072K)
 Metaspace       used 124824K, committed 125760K, reserved 1179648K
  class space    used 16764K, committed 17216K, reserved 1048576K
}
Event: 22.858 GC heap before
{Heap before GC invocations=60 (full 0):
 garbage-first heap   total 293888K, used 261326K [0x0000000080000000, 0x0000000100000000)
  region size 1024K, 14 young (14336K), 3 survivors (3072K)
 Metaspace       used 124832K, committed 125760K, reserved 1179648K
  class space    used 16764K, committed 17216K, reserved 1048576K
}
Event: 22.861 GC heap after
{Heap after GC invocations=61 (full 0):
 garbage-first heap   total 293888K, used 254880K [0x0000000080000000, 0x0000000100000000)
  region size 1024K, 2 young (2048K), 2 survivors (2048K)
 Metaspace       used 124832K, committed 125760K, reserved 1179648K
  class space    used 16764K, committed 17216K, reserved 1048576K
}
Event: 22.899 GC heap before
{Heap before GC invocations=61 (full 0):
 garbage-first heap   total 293888K, used 265120K [0x0000000080000000, 0x0000000100000000)
  region size 1024K, 14 young (14336K), 2 survivors (2048K)
 Metaspace       used 124850K, committed 125824K, reserved 1179648K
  class space    used 16764K, committed 17216K, reserved 1048576K
}
Event: 22.903 GC heap after
{Heap after GC invocations=62 (full 0):
 garbage-first heap   total 293888K, used 260429K [0x0000000080000000, 0x0000000100000000)
  region size 1024K, 2 young (2048K), 2 survivors (2048K)
 Metaspace       used 124850K, committed 125824K, reserved 1179648K
  class space    used 16764K, committed 17216K, reserved 1048576K
}
Event: 22.953 GC heap before
{Heap before GC invocations=62 (full 0):
 garbage-first heap   total 293888K, used 273741K [0x0000000080000000, 0x0000000100000000)
  region size 1024K, 14 young (14336K), 2 survivors (2048K)
 Metaspace       used 124880K, committed 125824K, reserved 1179648K
  class space    used 16765K, committed 17216K, reserved 1048576K
}

