# JRE version: OpenJDK Runtime Environment (17.0.9) (build 17.0.9+0--11185874)
# Java VM: OpenJDK 64-Bit Server VM (17.0.9+0--11185874, mixed mode, tiered, compressed oops, compressed class ptrs, g1 gc, windows-amd64)
GC Precious Log:
 CPUs: 16 total, 16 available
 Memory: 16010M
 Large Page Support: Disabled
 NUMA Support: Disabled
 Compressed Oops: Enabled (Zero based)
 Heap Region Size: 2M
 Heap Min Capacity: 8M
 Heap Initial Capacity: 252M
 Heap Max Capacity: 4004M
 Pre-touch: Disabled
 Parallel Workers: 13
 Concurrent Workers: 3
 Concurrent Refinement Workers: 13
 Periodic GC: Disabled
Heap:
 garbage-first heap   total 149504K, used 79064K [0x0000000705c00000, 0x0000000800000000)
  region size 2048K, 21 young (43008K), 3 survivors (6144K)
 Metaspace       used 65409K, committed 65664K, reserved 1114112K
  class space    used 7573K, committed 7680K, reserved 1048576K
GC Heap History (20 events):
Event: 0.777 GC heap before
{Heap before GC invocations=2 (full 0):
 garbage-first heap   total 258048K, used 10240K [0x0000000705c00000, 0x0000000800000000)
  region size 2048K, 4 young (8192K), 2 survivors (4096K)
 Metaspace       used 21355K, committed 21504K, reserved 1114112K
  class space    used 2297K, committed 2368K, reserved 1048576K
}
Event: 0.780 GC heap after
{Heap after GC invocations=3 (full 0):
 garbage-first heap   total 258048K, used 8454K [0x0000000705c00000, 0x0000000800000000)
  region size 2048K, 3 young (6144K), 3 survivors (6144K)
 Metaspace       used 21355K, committed 21504K, reserved 1114112K
  class space    used 2297K, committed 2368K, reserved 1048576K
}
Event: 1.061 GC heap before
{Heap before GC invocations=4 (full 0):
 garbage-first heap   total 40960K, used 30982K [0x0000000705c00000, 0x0000000800000000)
  region size 2048K, 15 young (30720K), 3 survivors (6144K)
 Metaspace       used 29085K, committed 29312K, reserved 1114112K
  class space    used 3553K, committed 3648K, reserved 1048576K
}
Event: 1.065 GC heap after
{Heap after GC invocations=5 (full 0):
 garbage-first heap   total 40960K, used 9479K [0x0000000705c00000, 0x0000000800000000)
  region size 2048K, 3 young (6144K), 3 survivors (6144K)
 Metaspace       used 29085K, committed 29312K, reserved 1114112K
  class space    used 3553K, committed 3648K, reserved 1048576K
}
Event: 1.214 GC heap before
{Heap before GC invocations=5 (full 0):
 garbage-first heap   total 40960K, used 29959K [0x0000000705c00000, 0x0000000800000000)
  region size 2048K, 12 young (24576K), 3 survivors (6144K)
 Metaspace       used 29929K, committed 30080K, reserved 1114112K
  class space    used 3674K, committed 3712K, reserved 1048576K
}
Event: 1.221 GC heap after
{Heap after GC invocations=6 (full 0):
 garbage-first heap   total 40960K, used 16216K [0x0000000705c00000, 0x0000000800000000)
  region size 2048K, 2 young (4096K), 2 survivors (4096K)
 Metaspace       used 29929K, committed 30080K, reserved 1114112K
  class space    used 3674K, committed 3712K, reserved 1048576K
}
Event: 1.370 GC heap before
{Heap before GC invocations=6 (full 0):
 garbage-first heap   total 40960K, used 28504K [0x0000000705c00000, 0x0000000800000000)
  region size 2048K, 8 young (16384K), 2 survivors (4096K)
 Metaspace       used 33638K, committed 33856K, reserved 1114112K
  class space    used 4243K, committed 4352K, reserved 1048576K
}
Event: 1.375 GC heap after
{Heap after GC invocations=7 (full 0):
 garbage-first heap   total 40960K, used 17440K [0x0000000705c00000, 0x0000000800000000)
  region size 2048K, 1 young (2048K), 1 survivors (2048K)
 Metaspace       used 33638K, committed 33856K, reserved 1114112K
  class space    used 4243K, committed 4352K, reserved 1048576K
}
Event: 1.498 GC heap before
{Heap before GC invocations=7 (full 0):
 garbage-first heap   total 40960K, used 27680K [0x0000000705c00000, 0x0000000800000000)
  region size 2048K, 7 young (14336K), 1 survivors (2048K)
 Metaspace       used 35886K, committed 36096K, reserved 1114112K
  class space    used 4502K, committed 4608K, reserved 1048576K
}
Event: 1.501 GC heap after
{Heap after GC invocations=8 (full 0):
 garbage-first heap   total 40960K, used 17145K [0x0000000705c00000, 0x0000000800000000)
  region size 2048K, 1 young (2048K), 1 survivors (2048K)
 Metaspace       used 35886K, committed 36096K, reserved 1114112K
  class space    used 4502K, committed 4608K, reserved 1048576K
}
Event: 1.603 GC heap before
{Heap before GC invocations=9 (full 0):
 garbage-first heap   total 40960K, used 27385K [0x0000000705c00000, 0x0000000800000000)
  region size 2048K, 7 young (14336K), 1 survivors (2048K)
 Metaspace       used 38148K, committed 38400K, reserved 1114112K
  class space    used 4736K, committed 4864K, reserved 1048576K
}
Event: 1.606 GC heap after
{Heap after GC invocations=10 (full 0):
 garbage-first heap   total 40960K, used 18729K [0x0000000705c00000, 0x0000000800000000)
  region size 2048K, 1 young (2048K), 1 survivors (2048K)
 Metaspace       used 38148K, committed 38400K, reserved 1114112K
  class space    used 4736K, committed 4864K, reserved 1048576K
}
Event: 1.623 GC heap before
{Heap before GC invocations=10 (full 0):
 garbage-first heap   total 40960K, used 20777K [0x0000000705c00000, 0x0000000800000000)
  region size 2048K, 2 young (4096K), 1 survivors (2048K)
 Metaspace       used 38611K, committed 38848K, reserved 1114112K
  class space    used 4761K, committed 4864K, reserved 1048576K
}
Event: 1.626 GC heap after
{Heap after GC invocations=11 (full 0):
 garbage-first heap   total 149504K, used 18478K [0x0000000705c00000, 0x0000000800000000)
  region size 2048K, 1 young (2048K), 1 survivors (2048K)
 Metaspace       used 38611K, committed 38848K, reserved 1114112K
  class space    used 4761K, committed 4864K, reserved 1048576K
}
Event: 2.582 GC heap before
{Heap before GC invocations=11 (full 0):
 garbage-first heap   total 149504K, used 106542K [0x0000000705c00000, 0x0000000800000000)
  region size 2048K, 43 young (88064K), 1 survivors (2048K)
 Metaspace       used 50222K, committed 50432K, reserved 1114112K
  class space    used 5988K, committed 6080K, reserved 1048576K
}
Event: 2.591 GC heap after
{Heap after GC invocations=12 (full 0):
 garbage-first heap   total 149504K, used 29389K [0x0000000705c00000, 0x0000000800000000)
  region size 2048K, 5 young (10240K), 5 survivors (10240K)
 Metaspace       used 50222K, committed 50432K, reserved 1114112K
  class space    used 5988K, committed 6080K, reserved 1048576K
}
Event: 3.413 GC heap before
{Heap before GC invocations=12 (full 0):
 garbage-first heap   total 149504K, used 99021K [0x0000000705c00000, 0x0000000800000000)
  region size 2048K, 39 young (79872K), 5 survivors (10240K)
 Metaspace       used 53995K, committed 54208K, reserved 1114112K
  class space    used 6376K, committed 6464K, reserved 1048576K
}
Event: 3.428 GC heap after
{Heap after GC invocations=13 (full 0):
 garbage-first heap   total 149504K, used 38363K [0x0000000705c00000, 0x0000000800000000)
  region size 2048K, 5 young (10240K), 5 survivors (10240K)
 Metaspace       used 53995K, committed 54208K, reserved 1114112K
  class space    used 6376K, committed 6464K, reserved 1048576K
}
Event: 4.049 GC heap before
{Heap before GC invocations=13 (full 0):
 garbage-first heap   total 149504K, used 79323K [0x0000000705c00000, 0x0000000800000000)
  region size 2048K, 26 young (53248K), 5 survivors (10240K)
 Metaspace       used 60123K, committed 60288K, reserved 1114112K
  class space    used 7017K, committed 7104K, reserved 1048576K
}
Event: 4.058 GC heap after
{Heap after GC invocations=14 (full 0):
 garbage-first heap   total 149504K, used 44248K [0x0000000705c00000, 0x0000000800000000)
  region size 2048K, 3 young (6144K), 3 survivors (6144K)
 Metaspace       used 60123K, committed 60288K, reserved 1114112K
  class space    used 7017K, committed 7104K, reserved 1048576K
}

