# JRE version: OpenJDK Runtime Environment (17.0.9) (build 17.0.9+0--11185874)
# Java VM: OpenJDK 64-Bit Server VM (17.0.9+0--11185874, mixed mode, tiered, compressed oops, compressed class ptrs, g1 gc, windows-amd64)
GC Precious Log:
 CPUs: 16 total, 16 available
 Memory: 16010M
 Large Page Support: Disabled
 NUMA Support: Disabled
 Compressed Oops: Enabled (32-bit)
 Heap Region Size: 1M
 Heap Min Capacity: 8M
 Heap Initial Capacity: 252M
 Heap Max Capacity: 2G
 Pre-touch: Disabled
 Parallel Workers: 13
 Concurrent Workers: 3
 Concurrent Refinement Workers: 13
 Periodic GC: Disabled
Heap:
 garbage-first heap   total 291840K, used 224686K [0x0000000080000000, 0x0000000100000000)
  region size 1024K, 59 young (60416K), 7 survivors (7168K)
 Metaspace       used 112066K, committed 113088K, reserved 1179648K
  class space    used 15153K, committed 15680K, reserved 1048576K
GC Heap History (20 events):
Event: 36.438 GC heap before
{Heap before GC invocations=47 (full 0):
 garbage-first heap   total 216064K, used 181934K [0x0000000080000000, 0x0000000100000000)
  region size 1024K, 42 young (43008K), 5 survivors (5120K)
 Metaspace       used 93133K, committed 93952K, reserved 1179648K
  class space    used 12824K, committed 13248K, reserved 1048576K
}
Event: 36.440 GC heap after
{Heap after GC invocations=48 (full 0):
 garbage-first heap   total 216064K, used 144952K [0x0000000080000000, 0x0000000100000000)
  region size 1024K, 4 young (4096K), 4 survivors (4096K)
 Metaspace       used 93133K, committed 93952K, reserved 1179648K
  class space    used 12824K, committed 13248K, reserved 1048576K
}
Event: 36.899 GC heap before
{Heap before GC invocations=48 (full 0):
 garbage-first heap   total 216064K, used 182840K [0x0000000080000000, 0x0000000100000000)
  region size 1024K, 41 young (41984K), 4 survivors (4096K)
 Metaspace       used 93133K, committed 93952K, reserved 1179648K
  class space    used 12824K, committed 13248K, reserved 1048576K
}
Event: 36.901 GC heap after
{Heap after GC invocations=49 (full 0):
 garbage-first heap   total 216064K, used 146030K [0x0000000080000000, 0x0000000100000000)
  region size 1024K, 4 young (4096K), 4 survivors (4096K)
 Metaspace       used 93133K, committed 93952K, reserved 1179648K
  class space    used 12824K, committed 13248K, reserved 1048576K
}
Event: 37.348 GC heap before
{Heap before GC invocations=49 (full 0):
 garbage-first heap   total 216064K, used 182894K [0x0000000080000000, 0x0000000100000000)
  region size 1024K, 40 young (40960K), 4 survivors (4096K)
 Metaspace       used 93133K, committed 93952K, reserved 1179648K
  class space    used 12824K, committed 13248K, reserved 1048576K
}
Event: 37.351 GC heap after
{Heap after GC invocations=50 (full 0):
 garbage-first heap   total 216064K, used 147150K [0x0000000080000000, 0x0000000100000000)
  region size 1024K, 4 young (4096K), 4 survivors (4096K)
 Metaspace       used 93133K, committed 93952K, reserved 1179648K
  class space    used 12824K, committed 13248K, reserved 1048576K
}
Event: 37.490 GC heap before
{Heap before GC invocations=50 (full 0):
 garbage-first heap   total 216064K, used 170702K [0x0000000080000000, 0x0000000100000000)
  region size 1024K, 14 young (14336K), 4 survivors (4096K)
 Metaspace       used 93173K, committed 93952K, reserved 1179648K
  class space    used 12834K, committed 13248K, reserved 1048576K
}
Event: 37.492 GC heap after
{Heap after GC invocations=51 (full 0):
 garbage-first heap   total 216064K, used 161663K [0x0000000080000000, 0x0000000100000000)
  region size 1024K, 3 young (3072K), 3 survivors (3072K)
 Metaspace       used 93173K, committed 93952K, reserved 1179648K
  class space    used 12834K, committed 13248K, reserved 1048576K
}
Event: 37.692 GC heap before
{Heap before GC invocations=52 (full 0):
 garbage-first heap   total 291840K, used 187263K [0x0000000080000000, 0x0000000100000000)
  region size 1024K, 25 young (25600K), 3 survivors (3072K)
 Metaspace       used 93348K, committed 94144K, reserved 1179648K
  class space    used 12856K, committed 13248K, reserved 1048576K
}
Event: 37.698 GC heap after
{Heap after GC invocations=53 (full 0):
 garbage-first heap   total 291840K, used 154472K [0x0000000080000000, 0x0000000100000000)
  region size 1024K, 4 young (4096K), 4 survivors (4096K)
 Metaspace       used 93348K, committed 94144K, reserved 1179648K
  class space    used 12856K, committed 13248K, reserved 1048576K
}
Event: 37.849 GC heap before
{Heap before GC invocations=53 (full 0):
 garbage-first heap   total 291840K, used 163688K [0x0000000080000000, 0x0000000100000000)
  region size 1024K, 14 young (14336K), 4 survivors (4096K)
 Metaspace       used 93700K, committed 94464K, reserved 1179648K
  class space    used 12914K, committed 13312K, reserved 1048576K
}
Event: 37.852 GC heap after
{Heap after GC invocations=54 (full 0):
 garbage-first heap   total 291840K, used 153503K [0x0000000080000000, 0x0000000100000000)
  region size 1024K, 1 young (1024K), 1 survivors (1024K)
 Metaspace       used 93700K, committed 94464K, reserved 1179648K
  class space    used 12914K, committed 13312K, reserved 1048576K
}
Event: 73.992 GC heap before
{Heap before GC invocations=54 (full 0):
 garbage-first heap   total 291840K, used 220063K [0x0000000080000000, 0x0000000100000000)
  region size 1024K, 66 young (67584K), 1 survivors (1024K)
 Metaspace       used 95983K, committed 96832K, reserved 1179648K
  class space    used 13197K, committed 13632K, reserved 1048576K
}
Event: 73.999 GC heap after
{Heap after GC invocations=55 (full 0):
 garbage-first heap   total 291840K, used 158742K [0x0000000080000000, 0x0000000100000000)
  region size 1024K, 6 young (6144K), 6 survivors (6144K)
 Metaspace       used 95983K, committed 96832K, reserved 1179648K
  class space    used 13197K, committed 13632K, reserved 1048576K
}
Event: 75.042 GC heap before
{Heap before GC invocations=55 (full 0):
 garbage-first heap   total 291840K, used 227350K [0x0000000080000000, 0x0000000100000000)
  region size 1024K, 72 young (73728K), 6 survivors (6144K)
 Metaspace       used 101351K, committed 102272K, reserved 1179648K
  class space    used 13889K, committed 14336K, reserved 1048576K
}
Event: 75.048 GC heap after
{Heap after GC invocations=56 (full 0):
 garbage-first heap   total 291840K, used 162134K [0x0000000080000000, 0x0000000100000000)
  region size 1024K, 4 young (4096K), 4 survivors (4096K)
 Metaspace       used 101351K, committed 102272K, reserved 1179648K
  class space    used 13889K, committed 14336K, reserved 1048576K
}
Event: 76.051 GC heap before
{Heap before GC invocations=56 (full 0):
 garbage-first heap   total 291840K, used 234838K [0x0000000080000000, 0x0000000100000000)
  region size 1024K, 71 young (72704K), 4 survivors (4096K)
 Metaspace       used 107860K, committed 108864K, reserved 1179648K
  class space    used 14614K, committed 15104K, reserved 1048576K
}
Event: 76.056 GC heap after
{Heap after GC invocations=57 (full 0):
 garbage-first heap   total 291840K, used 168594K [0x0000000080000000, 0x0000000100000000)
  region size 1024K, 9 young (9216K), 9 survivors (9216K)
 Metaspace       used 107860K, committed 108864K, reserved 1179648K
  class space    used 14614K, committed 15104K, reserved 1048576K
}
Event: 76.641 GC heap before
{Heap before GC invocations=57 (full 0):
 garbage-first heap   total 291840K, used 235154K [0x0000000080000000, 0x0000000100000000)
  region size 1024K, 74 young (75776K), 9 survivors (9216K)
 Metaspace       used 109052K, committed 110016K, reserved 1179648K
  class space    used 14762K, committed 15232K, reserved 1048576K
}
Event: 76.647 GC heap after
{Heap after GC invocations=58 (full 0):
 garbage-first heap   total 291840K, used 173486K [0x0000000080000000, 0x0000000100000000)
  region size 1024K, 7 young (7168K), 7 survivors (7168K)
 Metaspace       used 109052K, committed 110016K, reserved 1179648K
  class space    used 14762K, committed 15232K, reserved 1048576K
}

